{
  "RSpec": {
    "coverage": {
      "/Users/jonathanatkins/coding/enigma_2/spec/enigma_spec.rb": {
        "lines": [
          1,
          null,
          1,
          1,
          13,
          13,
          null,
          null,
          1,
          1,
          null,
          null,
          1,
          1,
          null,
          null,
          null,
          null,
          null,
          null,
          null,
          null,
          1,
          1,
          null,
          null,
          null,
          null,
          null,
          null,
          null,
          null,
          1,
          1,
          1,
          1,
          1,
          null,
          null,
          1,
          1,
          1,
          null,
          null,
          1,
          1,
          null,
          null,
          1,
          1,
          1,
          1,
          null,
          1,
          null,
          null,
          1,
          1,
          1,
          null,
          1,
          null,
          null,
          1,
          1,
          1,
          1,
          1,
          null,
          1,
          null,
          null,
          1,
          1,
          null,
          null,
          1,
          1,
          null,
          1,
          null,
          null,
          1,
          1,
          null,
          1,
          null,
          null,
          1,
          1,
          null,
          1,
          null,
          null
        ]
      },
      "/Users/jonathanatkins/coding/enigma_2/lib/enigma.rb": {
        "lines": [
          1,
          null,
          1,
          1,
          null,
          1,
          13,
          null,
          null,
          1,
          null,
          13,
          13,
          null,
          13,
          null,
          null,
          null,
          null,
          null,
          1,
          1,
          1,
          null,
          1,
          null,
          null,
          null,
          null,
          null,
          1,
          1,
          null,
          null,
          1,
          14,
          14,
          null,
          1,
          1,
          1,
          null,
          null,
          1,
          null,
          16,
          null,
          null,
          null,
          null,
          null,
          null,
          1,
          15,
          15,
          165,
          165,
          15,
          null,
          150,
          null,
          null,
          null,
          15,
          null,
          null,
          1,
          1,
          1,
          11,
          11,
          1,
          null,
          10,
          null,
          null,
          null,
          1,
          null,
          null,
          1,
          500,
          null,
          null,
          1,
          151,
          151,
          null,
          46,
          null,
          30,
          null,
          45,
          null,
          30,
          null,
          null,
          null,
          1,
          10,
          10,
          null,
          3,
          null,
          2,
          null,
          3,
          null,
          2,
          null,
          null,
          null,
          1,
          152,
          152,
          null,
          null,
          1,
          10,
          10,
          null,
          null,
          null,
          1,
          null,
          16,
          null,
          null,
          null,
          null,
          null,
          null,
          1,
          16,
          null,
          null,
          1,
          16,
          null,
          null,
          1,
          16,
          null,
          null,
          null,
          null,
          null
        ]
      }
    },
    "timestamp": 1768876108
  }
}
